# JRE version: OpenJDK Runtime Environment Temurin-21.0.11+10 (21.0.11+10) (build 21.0.11+10-LTS)
# Java VM: OpenJDK 64-Bit Server VM Temurin-21.0.11+10 (21.0.11+10-LTS, mixed mode, sharing, tiered, compressed oops, compressed class ptrs, parallel gc, windows-amd64)
GC Precious Log:
 CardTable entry size: 512
 CPUs: 16 total, 16 available
 Memory: 16034M
 Large Page Support: Disabled
 NUMA Support: Disabled
 Compressed Oops: Enabled (32-bit)
 Alignments: Space 512K, Generation 512K, Heap 2M
 Heap Min Capacity: 100M
 Heap Initial Capacity: 100M
 Heap Max Capacity: 2G
 Pre-touch: Disabled
 Parallel Workers: 13
Heap:
 PSYoungGen      total 4096K, used 1235K [0x00000000d5580000, 0x00000000d5a00000, 0x0000000100000000)
  eden space 3072K, 27% used [0x00000000d5580000,0x00000000d5654e00,0x00000000d5880000)
  from space 1024K, 37% used [0x00000000d5880000,0x00000000d58e0000,0x00000000d5980000)
  to   space 512K, 0% used [0x00000000d5980000,0x00000000d5980000,0x00000000d5a00000)
 ParOldGen       total 1111040K, used 253784K [0x0000000080000000, 0x00000000c3d00000, 0x00000000d5580000)
  object space 1111040K, 22% used [0x0000000080000000,0x000000008f7d6020,0x00000000c3d00000)
 Metaspace       used 87924K, committed 89536K, reserved 1179648K
  class space    used 9317K, committed 10048K, reserved 1048576K
GC Heap History (20 events):
Event: 4312.938 GC heap before
{Heap before GC invocations=1082 (full 4):
 PSYoungGen      total 1536K, used 1091K [0x00000000d5580000, 0x00000000d5c00000, 0x0000000100000000)
  eden space 512K, 99% used [0x00000000d5580000,0x00000000d55ffff0,0x00000000d5600000)
  from space 1024K, 56% used [0x00000000d5600000,0x00000000d5691000,0x00000000d5700000)
  to   space 2560K, 0% used [0x00000000d5980000,0x00000000d5980000,0x00000000d5c00000)
 ParOldGen       total 1111040K, used 247050K [0x0000000080000000, 0x00000000c3d00000, 0x00000000d5580000)
  object space 1111040K, 22% used [0x0000000080000000,0x000000008f142910,0x00000000c3d00000)
 Metaspace       used 87844K, committed 89472K, reserved 1179648K
  class space    used 9316K, committed 10048K, reserved 1048576K
}
Event: 4312.939 GC heap after
{Heap after GC invocations=1082 (full 4):
 PSYoungGen      total 2048K, used 776K [0x00000000d5580000, 0x00000000d5a80000, 0x0000000100000000)
  eden space 1024K, 0% used [0x00000000d5580000,0x00000000d5580000,0x00000000d5680000)
  from space 1024K, 75% used [0x00000000d5980000,0x00000000d5a42000,0x00000000d5a80000)
  to   space 1024K, 0% used [0x00000000d5880000,0x00000000d5880000,0x00000000d5980000)
 ParOldGen       total 1111040K, used 247306K [0x0000000080000000, 0x00000000c3d00000, 0x00000000d5580000)
  object space 1111040K, 22% used [0x0000000080000000,0x000000008f182910,0x00000000c3d00000)
 Metaspace       used 87844K, committed 89472K, reserved 1179648K
  class space    used 9316K, committed 10048K, reserved 1048576K
}
Event: 4312.941 GC heap before
{Heap before GC invocations=1083 (full 4):
 PSYoungGen      total 2048K, used 1456K [0x00000000d5580000, 0x00000000d5a80000, 0x0000000100000000)
  eden space 1024K, 66% used [0x00000000d5580000,0x00000000d562a098,0x00000000d5680000)
  from space 1024K, 75% used [0x00000000d5980000,0x00000000d5a42000,0x00000000d5a80000)
  to   space 1024K, 0% used [0x00000000d5880000,0x00000000d5880000,0x00000000d5980000)
 ParOldGen       total 1111040K, used 247306K [0x0000000080000000, 0x00000000c3d00000, 0x00000000d5580000)
  object space 1111040K, 22% used [0x0000000080000000,0x000000008f182910,0x00000000c3d00000)
 Metaspace       used 87844K, committed 89472K, reserved 1179648K
  class space    used 9316K, committed 10048K, reserved 1048576K
}
Event: 4312.943 GC heap after
{Heap after GC invocations=1083 (full 4):
 PSYoungGen      total 2560K, used 936K [0x00000000d5580000, 0x00000000d5a00000, 0x0000000100000000)
  eden space 1536K, 0% used [0x00000000d5580000,0x00000000d5580000,0x00000000d5700000)
  from space 1024K, 91% used [0x00000000d5880000,0x00000000d596a000,0x00000000d5980000)
  to   space 512K, 0% used [0x00000000d5980000,0x00000000d5980000,0x00000000d5a00000)
 ParOldGen       total 1111040K, used 247850K [0x0000000080000000, 0x00000000c3d00000, 0x00000000d5580000)
  object space 1111040K, 22% used [0x0000000080000000,0x000000008f20a910,0x00000000c3d00000)
 Metaspace       used 87844K, committed 89472K, reserved 1179648K
  class space    used 9316K, committed 10048K, reserved 1048576K
}
Event: 4312.956 GC heap before
{Heap before GC invocations=1084 (full 4):
 PSYoungGen      total 2560K, used 2472K [0x00000000d5580000, 0x00000000d5a00000, 0x0000000100000000)
  eden space 1536K, 100% used [0x00000000d5580000,0x00000000d5700000,0x00000000d5700000)
  from space 1024K, 91% used [0x00000000d5880000,0x00000000d596a000,0x00000000d5980000)
  to   space 512K, 0% used [0x00000000d5980000,0x00000000d5980000,0x00000000d5a00000)
 ParOldGen       total 1111040K, used 247850K [0x0000000080000000, 0x00000000c3d00000, 0x00000000d5580000)
  object space 1111040K, 22% used [0x0000000080000000,0x000000008f20a910,0x00000000c3d00000)
 Metaspace       used 87844K, committed 89472K, reserved 1179648K
  class space    used 9316K, committed 10048K, reserved 1048576K
}
Event: 4312.960 GC heap after
{Heap after GC invocations=1084 (full 4):
 PSYoungGen      total 2048K, used 480K [0x00000000d5580000, 0x00000000d5c80000, 0x0000000100000000)
  eden space 1536K, 0% used [0x00000000d5580000,0x00000000d5580000,0x00000000d5700000)
  from space 512K, 93% used [0x00000000d5980000,0x00000000d59f8280,0x00000000d5a00000)
  to   space 2560K, 0% used [0x00000000d5700000,0x00000000d5700000,0x00000000d5980000)
 ParOldGen       total 1111040K, used 249642K [0x0000000080000000, 0x00000000c3d00000, 0x00000000d5580000)
  object space 1111040K, 22% used [0x0000000080000000,0x000000008f3ca910,0x00000000c3d00000)
 Metaspace       used 87844K, committed 89472K, reserved 1179648K
  class space    used 9316K, committed 10048K, reserved 1048576K
}
Event: 4312.962 GC heap before
{Heap before GC invocations=1085 (full 4):
 PSYoungGen      total 2048K, used 2016K [0x00000000d5580000, 0x00000000d5c80000, 0x0000000100000000)
  eden space 1536K, 100% used [0x00000000d5580000,0x00000000d5700000,0x00000000d5700000)
  from space 512K, 93% used [0x00000000d5980000,0x00000000d59f8280,0x00000000d5a00000)
  to   space 2560K, 0% used [0x00000000d5700000,0x00000000d5700000,0x00000000d5980000)
 ParOldGen       total 1111040K, used 249642K [0x0000000080000000, 0x00000000c3d00000, 0x00000000d5580000)
  object space 1111040K, 22% used [0x0000000080000000,0x000000008f3ca910,0x00000000c3d00000)
 Metaspace       used 87844K, committed 89472K, reserved 1179648K
  class space    used 9316K, committed 10048K, reserved 1048576K
}
Event: 4312.963 GC heap after
{Heap after GC invocations=1085 (full 4):
 PSYoungGen      total 4096K, used 1696K [0x00000000d5580000, 0x00000000d5b80000, 0x0000000100000000)
  eden space 1536K, 0% used [0x00000000d5580000,0x00000000d5580000,0x00000000d5700000)
  from space 2560K, 66% used [0x00000000d5700000,0x00000000d58a8000,0x00000000d5980000)
  to   space 2048K, 0% used [0x00000000d5980000,0x00000000d5980000,0x00000000d5b80000)
 ParOldGen       total 1111040K, used 250138K [0x0000000080000000, 0x00000000c3d00000, 0x00000000d5580000)
  object space 1111040K, 22% used [0x0000000080000000,0x000000008f446b90,0x00000000c3d00000)
 Metaspace       used 87844K, committed 89472K, reserved 1179648K
  class space    used 9316K, committed 10048K, reserved 1048576K
}
Event: 4312.966 GC heap before
{Heap before GC invocations=1086 (full 4):
 PSYoungGen      total 4096K, used 3067K [0x00000000d5580000, 0x00000000d5b80000, 0x0000000100000000)
  eden space 1536K, 89% used [0x00000000d5580000,0x00000000d56d6d20,0x00000000d5700000)
  from space 2560K, 66% used [0x00000000d5700000,0x00000000d58a8000,0x00000000d5980000)
  to   space 2048K, 0% used [0x00000000d5980000,0x00000000d5980000,0x00000000d5b80000)
 ParOldGen       total 1111040K, used 250138K [0x0000000080000000, 0x00000000c3d00000, 0x00000000d5580000)
  object space 1111040K, 22% used [0x0000000080000000,0x000000008f446b90,0x00000000c3d00000)
 Metaspace       used 87844K, committed 89472K, reserved 1179648K
  class space    used 9316K, committed 10048K, reserved 1048576K
}
Event: 4312.968 GC heap after
{Heap after GC invocations=1086 (full 4):
 PSYoungGen      total 3584K, used 1360K [0x00000000d5580000, 0x00000000d5b00000, 0x0000000100000000)
  eden space 2048K, 0% used [0x00000000d5580000,0x00000000d5580000,0x00000000d5780000)
  from space 1536K, 88% used [0x00000000d5980000,0x00000000d5ad4000,0x00000000d5b00000)
  to   space 1536K, 0% used [0x00000000d5800000,0x00000000d5800000,0x00000000d5980000)
 ParOldGen       total 1111040K, used 251698K [0x0000000080000000, 0x00000000c3d00000, 0x00000000d5580000)
  object space 1111040K, 22% used [0x0000000080000000,0x000000008f5ccb90,0x00000000c3d00000)
 Metaspace       used 87844K, committed 89472K, reserved 1179648K
  class space    used 9316K, committed 10048K, reserved 1048576K
}
Event: 4312.996 GC heap before
{Heap before GC invocations=1087 (full 4):
 PSYoungGen      total 3584K, used 3408K [0x00000000d5580000, 0x00000000d5b00000, 0x0000000100000000)
  eden space 2048K, 100% used [0x00000000d5580000,0x00000000d5780000,0x00000000d5780000)
  from space 1536K, 88% used [0x00000000d5980000,0x00000000d5ad4000,0x00000000d5b00000)
  to   space 1536K, 0% used [0x00000000d5800000,0x00000000d5800000,0x00000000d5980000)
 ParOldGen       total 1111040K, used 251698K [0x0000000080000000, 0x00000000c3d00000, 0x00000000d5580000)
  object space 1111040K, 22% used [0x0000000080000000,0x000000008f5ccb90,0x00000000c3d00000)
 Metaspace       used 87899K, committed 89536K, reserved 1179648K
  class space    used 9316K, committed 10048K, reserved 1048576K
}
Event: 4313.000 GC heap after
{Heap after GC invocations=1087 (full 4):
 PSYoungGen      total 4096K, used 1032K [0x00000000d5580000, 0x00000000d5b00000, 0x0000000100000000)
  eden space 2560K, 0% used [0x00000000d5580000,0x00000000d5580000,0x00000000d5800000)
  from space 1536K, 67% used [0x00000000d5800000,0x00000000d5902000,0x00000000d5980000)
  to   space 1536K, 0% used [0x00000000d5980000,0x00000000d5980000,0x00000000d5b00000)
 ParOldGen       total 1111040K, used 252746K [0x0000000080000000, 0x00000000c3d00000, 0x00000000d5580000)
  object space 1111040K, 22% used [0x0000000080000000,0x000000008f6d2b90,0x00000000c3d00000)
 Metaspace       used 87899K, committed 89536K, reserved 1179648K
  class space    used 9316K, committed 10048K, reserved 1048576K
}
Event: 4313.304 GC heap before
{Heap before GC invocations=1088 (full 4):
 PSYoungGen      total 4096K, used 3592K [0x00000000d5580000, 0x00000000d5b00000, 0x0000000100000000)
  eden space 2560K, 100% used [0x00000000d5580000,0x00000000d5800000,0x00000000d5800000)
  from space 1536K, 67% used [0x00000000d5800000,0x00000000d5902000,0x00000000d5980000)
  to   space 1536K, 0% used [0x00000000d5980000,0x00000000d5980000,0x00000000d5b00000)
 ParOldGen       total 1111040K, used 252746K [0x0000000080000000, 0x00000000c3d00000, 0x00000000d5580000)
  object space 1111040K, 22% used [0x0000000080000000,0x000000008f6d2b90,0x00000000c3d00000)
 Metaspace       used 87903K, committed 89536K, reserved 1179648K
  class space    used 9316K, committed 10048K, reserved 1048576K
}
Event: 4313.306 GC heap after
{Heap after GC invocations=1088 (full 4):
 PSYoungGen      total 4096K, used 352K [0x00000000d5580000, 0x00000000d5a80000, 0x0000000100000000)
  eden space 3072K, 0% used [0x00000000d5580000,0x00000000d5580000,0x00000000d5880000)
  from space 1024K, 34% used [0x00000000d5980000,0x00000000d59d8020,0x00000000d5a80000)
  to   space 1024K, 0% used [0x00000000d5880000,0x00000000d5880000,0x00000000d5980000)
 ParOldGen       total 1111040K, used 253210K [0x0000000080000000, 0x00000000c3d00000, 0x00000000d5580000)
  object space 1111040K, 22% used [0x0000000080000000,0x000000008f746b90,0x00000000c3d00000)
 Metaspace       used 87903K, committed 89536K, reserved 1179648K
  class space    used 9316K, committed 10048K, reserved 1048576K
}
Event: 4326.427 GC heap before
{Heap before GC invocations=1089 (full 4):
 PSYoungGen      total 4096K, used 3424K [0x00000000d5580000, 0x00000000d5a80000, 0x0000000100000000)
  eden space 3072K, 100% used [0x00000000d5580000,0x00000000d5880000,0x00000000d5880000)
  from space 1024K, 34% used [0x00000000d5980000,0x00000000d59d8020,0x00000000d5a80000)
  to   space 1024K, 0% used [0x00000000d5880000,0x00000000d5880000,0x00000000d5980000)
 ParOldGen       total 1111040K, used 253210K [0x0000000080000000, 0x00000000c3d00000, 0x00000000d5580000)
  object space 1111040K, 22% used [0x0000000080000000,0x000000008f746b90,0x00000000c3d00000)
 Metaspace       used 87906K, committed 89536K, reserved 1179648K
  class space    used 9316K, committed 10048K, reserved 1048576K
}
Event: 4326.428 GC heap after
{Heap after GC invocations=1089 (full 4):
 PSYoungGen      total 4096K, used 512K [0x00000000d5580000, 0x00000000d5a80000, 0x0000000100000000)
  eden space 3072K, 0% used [0x00000000d5580000,0x00000000d5580000,0x00000000d5880000)
  from space 1024K, 50% used [0x00000000d5880000,0x00000000d5900000,0x00000000d5980000)
  to   space 1024K, 0% used [0x00000000d5980000,0x00000000d5980000,0x00000000d5a80000)
 ParOldGen       total 1111040K, used 253266K [0x0000000080000000, 0x00000000c3d00000, 0x00000000d5580000)
  object space 1111040K, 22% used [0x0000000080000000,0x000000008f754b90,0x00000000c3d00000)
 Metaspace       used 87906K, committed 89536K, reserved 1179648K
  class space    used 9316K, committed 10048K, reserved 1048576K
}
Event: 4326.784 GC heap before
{Heap before GC invocations=1090 (full 4):
 PSYoungGen      total 4096K, used 3584K [0x00000000d5580000, 0x00000000d5a80000, 0x0000000100000000)
  eden space 3072K, 100% used [0x00000000d5580000,0x00000000d5880000,0x00000000d5880000)
  from space 1024K, 50% used [0x00000000d5880000,0x00000000d5900000,0x00000000d5980000)
  to   space 1024K, 0% used [0x00000000d5980000,0x00000000d5980000,0x00000000d5a80000)
 ParOldGen       total 1111040K, used 253266K [0x0000000080000000, 0x00000000c3d00000, 0x00000000d5580000)
  object space 1111040K, 22% used [0x0000000080000000,0x000000008f754b90,0x00000000c3d00000)
 Metaspace       used 87907K, committed 89536K, reserved 1179648K
  class space    used 9316K, committed 10048K, reserved 1048576K
}
Event: 4326.785 GC heap after
{Heap after GC invocations=1090 (full 4):
 PSYoungGen      total 4096K, used 624K [0x00000000d5580000, 0x00000000d5a80000, 0x0000000100000000)
  eden space 3072K, 0% used [0x00000000d5580000,0x00000000d5580000,0x00000000d5880000)
  from space 1024K, 60% used [0x00000000d5980000,0x00000000d5a1c010,0x00000000d5a80000)
  to   space 1024K, 0% used [0x00000000d5880000,0x00000000d5880000,0x00000000d5980000)
 ParOldGen       total 1111040K, used 253648K [0x0000000080000000, 0x00000000c3d00000, 0x00000000d5580000)
  object space 1111040K, 22% used [0x0000000080000000,0x000000008f7b4020,0x00000000c3d00000)
 Metaspace       used 87907K, committed 89536K, reserved 1179648K
  class space    used 9316K, committed 10048K, reserved 1048576K
}
Event: 4326.825 GC heap before
{Heap before GC invocations=1091 (full 4):
 PSYoungGen      total 4096K, used 3696K [0x00000000d5580000, 0x00000000d5a80000, 0x0000000100000000)
  eden space 3072K, 99% used [0x00000000d5580000,0x00000000d587fff0,0x00000000d5880000)
  from space 1024K, 60% used [0x00000000d5980000,0x00000000d5a1c010,0x00000000d5a80000)
  to   space 1024K, 0% used [0x00000000d5880000,0x00000000d5880000,0x00000000d5980000)
 ParOldGen       total 1111040K, used 253648K [0x0000000080000000, 0x00000000c3d00000, 0x00000000d5580000)
  object space 1111040K, 22% used [0x0000000080000000,0x000000008f7b4020,0x00000000c3d00000)
 Metaspace       used 87914K, committed 89536K, reserved 1179648K
  class space    used 9316K, committed 10048K, reserved 1048576K
}
Event: 4326.826 GC heap after
{Heap after GC invocations=1091 (full 4):
 PSYoungGen      total 4096K, used 384K [0x00000000d5580000, 0x00000000d5a00000, 0x0000000100000000)
  eden space 3072K, 0% used [0x00000000d5580000,0x00000000d5580000,0x00000000d5880000)
  from space 1024K, 37% used [0x00000000d5880000,0x00000000d58e0000,0x00000000d5980000)
  to   space 512K, 0% used [0x00000000d5980000,0x00000000d5980000,0x00000000d5a00000)
 ParOldGen       total 1111040K, used 253784K [0x0000000080000000, 0x00000000c3d00000, 0x00000000d5580000)
  object space 1111040K, 22% used [0x0000000080000000,0x000000008f7d6020,0x00000000c3d00000)
 Metaspace       used 87914K, committed 89536K, reserved 1179648K
  class space    used 9316K, committed 10048K, reserved 1048576K
}

